---------- Date: 2014-04-05 20:27:02 ~ IP : 201.43.109.49 ----------
REQUEST URI : /loja/index.php?route=account/address/insert
MOD DETAILS:
   modFile   : /home4/thiagott/public_html/capasparaiphone/loja/vqmod/xml/autocomplete_address.xml
   id        : Auto Completar Endereço
   version   : 1.1
   vqmver    : 2.2.1
   author    : Deives Fahl - dfahl.cps@gmail.com
SEARCH NOT FOUND (ABORTING MOD): <div id="content">

----------------------------------------------------------------------


---------- Date: 2014-04-06 13:42:32 ~ IP : 177.180.112.114 ----------
REQUEST URI : /loja/index.php?route=account/address/update&amp;address_id=3107
MOD DETAILS:
   modFile   : /home4/thiagott/public_html/capasparaiphone/loja/vqmod/xml/autocomplete_address.xml
   id        : Auto Completar Endereço
   version   : 1.1
   vqmver    : 2.2.1
   author    : Deives Fahl - dfahl.cps@gmail.com
SEARCH NOT FOUND (ABORTING MOD): <div id="content">

----------------------------------------------------------------------


---------- Date: 2014-04-06 13:51:42 ~ IP : 177.180.112.114 ----------
REQUEST URI : /loja/index.php?route=account/address/update&amp;address_id=3107
MOD DETAILS:
   modFile   : /home4/thiagott/public_html/capasparaiphone/loja/vqmod/xml/autocomplete_address.xml
   id        : Auto Completar Endereço
   version   : 1.1
   vqmver    : 2.2.1
   author    : Deives Fahl - dfahl.cps@gmail.com
SEARCH NOT FOUND (ABORTING MOD): <div id="content">

----------------------------------------------------------------------


---------- Date: 2014-04-06 13:51:55 ~ IP : 177.180.112.114 ----------
REQUEST URI : /loja/index.php?route=account/address/update&amp;address_id=3107
MOD DETAILS:
   modFile   : /home4/thiagott/public_html/capasparaiphone/loja/vqmod/xml/autocomplete_address.xml
   id        : Auto Completar Endereço
   version   : 1.1
   vqmver    : 2.2.1
   author    : Deives Fahl - dfahl.cps@gmail.com
SEARCH NOT FOUND (ABORTING MOD): <div id="content">

----------------------------------------------------------------------


---------- Date: 2014-04-06 13:52:38 ~ IP : 177.180.112.114 ----------
REQUEST URI : /loja/index.php?route=account/address/update&amp;address_id=3107
MOD DETAILS:
   modFile   : /home4/thiagott/public_html/capasparaiphone/loja/vqmod/xml/autocomplete_address.xml
   id        : Auto Completar Endereço
   version   : 1.1
   vqmver    : 2.2.1
   author    : Deives Fahl - dfahl.cps@gmail.com
SEARCH NOT FOUND (ABORTING MOD): <div id="content">

----------------------------------------------------------------------


---------- Date: 2014-04-08 07:09:13 ~ IP : 130.36.127.253 ----------
REQUEST URI : /loja/index.php?route=account/address/insert
MOD DETAILS:
   modFile   : /home4/thiagott/public_html/capasparaiphone/loja/vqmod/xml/autocomplete_address.xml
   id        : Auto Completar Endereço
   version   : 1.1
   vqmver    : 2.2.1
   author    : Deives Fahl - dfahl.cps@gmail.com
SEARCH NOT FOUND (ABORTING MOD): <div id="content">

----------------------------------------------------------------------


---------- Date: 2014-04-08 07:09:36 ~ IP : 130.36.127.253 ----------
REQUEST URI : /loja/index.php?route=account/address/insert
MOD DETAILS:
   modFile   : /home4/thiagott/public_html/capasparaiphone/loja/vqmod/xml/autocomplete_address.xml
   id        : Auto Completar Endereço
   version   : 1.1
   vqmver    : 2.2.1
   author    : Deives Fahl - dfahl.cps@gmail.com
SEARCH NOT FOUND (ABORTING MOD): <div id="content">

----------------------------------------------------------------------


---------- Date: 2014-04-12 13:31:37 ~ IP : 177.4.229.105 ----------
REQUEST URI : /loja/index.php?route=account/address/insert
MOD DETAILS:
   modFile   : /home4/thiagott/public_html/capasparaiphone/loja/vqmod/xml/autocomplete_address.xml
   id        : Auto Completar Endereço
   version   : 1.1
   vqmver    : 2.2.1
   author    : Deives Fahl - dfahl.cps@gmail.com
SEARCH NOT FOUND (ABORTING MOD): <div id="content">

----------------------------------------------------------------------


---------- Date: 2014-04-13 01:18:13 ~ IP : 177.105.122.63 ----------
REQUEST URI : /loja/index.php?route=account/address/insert
MOD DETAILS:
   modFile   : /home4/thiagott/public_html/capasparaiphone/loja/vqmod/xml/autocomplete_address.xml
   id        : Auto Completar Endereço
   version   : 1.1
   vqmver    : 2.2.1
   author    : Deives Fahl - dfahl.cps@gmail.com
SEARCH NOT FOUND (ABORTING MOD): <div id="content">

----------------------------------------------------------------------


