---------- Date: 2014-04-05 20:27:02 ~ IP : 201.43.109.49 ----------
REQUEST URI : /loja/index.php?route=account/address/insert
MOD DETAILS:
   modFile   : /home4/thiagott/public_html/capasparaiphone/loja/vqmod/xml/autocomplete_address.xml
   id        : Auto Completar Endereço
   version   : 1.1
   vqmver    : 2.2.1
   author    : Deives Fahl - dfahl.cps@gmail.com
SEARCH NOT FOUND (ABORTING MOD): <div id="content">

----------------------------------------------------------------------


---------- Date: 2014-04-06 13:42:32 ~ IP : 177.180.112.114 ----------
REQUEST URI : /loja/index.php?route=account/address/update&amp;address_id=3107
MOD DETAILS:
   modFile   : /home4/thiagott/public_html/capasparaiphone/loja/vqmod/xml/autocomplete_address.xml
   id        : Auto Completar Endereço
   version   : 1.1
   vqmver    : 2.2.1
   author    : Deives Fahl - dfahl.cps@gmail.com
SEARCH NOT FOUND (ABORTING MOD): <div id="content">

----------------------------------------------------------------------


---------- Date: 2014-04-06 13:51:42 ~ IP : 177.180.112.114 ----------
REQUEST URI : /loja/index.php?route=account/address/update&amp;address_id=3107
MOD DETAILS:
   modFile   : /home4/thiagott/public_html/capasparaiphone/loja/vqmod/xml/autocomplete_address.xml
   id        : Auto Completar Endereço
   version   : 1.1
   vqmver    : 2.2.1
   author    : Deives Fahl - dfahl.cps@gmail.com
SEARCH NOT FOUND (ABORTING MOD): <div id="content">

----------------------------------------------------------------------


---------- Date: 2014-04-06 13:51:55 ~ IP : 177.180.112.114 ----------
REQUEST URI : /loja/index.php?route=account/address/update&amp;address_id=3107
MOD DETAILS:
   modFile   : /home4/thiagott/public_html/capasparaiphone/loja/vqmod/xml/autocomplete_address.xml
   id        : Auto Completar Endereço
   version   : 1.1
   vqmver    : 2.2.1
   author    : Deives Fahl - dfahl.cps@gmail.com
SEARCH NOT FOUND (ABORTING MOD): <div id="content">

----------------------------------------------------------------------


---------- Date: 2014-04-06 13:52:38 ~ IP : 177.180.112.114 ----------
REQUEST URI : /loja/index.php?route=account/address/update&amp;address_id=3107
MOD DETAILS:
   modFile   : /home4/thiagott/public_html/capasparaiphone/loja/vqmod/xml/autocomplete_address.xml
   id        : Auto Completar Endereço
   version   : 1.1
   vqmver    : 2.2.1
   author    : Deives Fahl - dfahl.cps@gmail.com
SEARCH NOT FOUND (ABORTING MOD): <div id="content">

----------------------------------------------------------------------


---------- Date: 2014-04-08 07:09:13 ~ IP : 130.36.127.253 ----------
REQUEST URI : /loja/index.php?route=account/address/insert
MOD DETAILS:
   modFile   : /home4/thiagott/public_html/capasparaiphone/loja/vqmod/xml/autocomplete_address.xml
   id        : Auto Completar Endereço
   version   : 1.1
   vqmver    : 2.2.1
   author    : Deives Fahl - dfahl.cps@gmail.com
SEARCH NOT FOUND (ABORTING MOD): <div id="content">

----------------------------------------------------------------------


---------- Date: 2014-04-08 07:09:36 ~ IP : 130.36.127.253 ----------
REQUEST URI : /loja/index.php?route=account/address/insert
MOD DETAILS:
   modFile   : /home4/thiagott/public_html/capasparaiphone/loja/vqmod/xml/autocomplete_address.xml
   id        : Auto Completar Endereço
   version   : 1.1
   vqmver    : 2.2.1
   author    : Deives Fahl - dfahl.cps@gmail.com
SEARCH NOT FOUND (ABORTING MOD): <div id="content">

----------------------------------------------------------------------


---------- Date: 2014-04-12 13:31:37 ~ IP : 177.4.229.105 ----------
REQUEST URI : /loja/index.php?route=account/address/insert
MOD DETAILS:
   modFile   : /home4/thiagott/public_html/capasparaiphone/loja/vqmod/xml/autocomplete_address.xml
   id        : Auto Completar Endereço
   version   : 1.1
   vqmver    : 2.2.1
   author    : Deives Fahl - dfahl.cps@gmail.com
SEARCH NOT FOUND (ABORTING MOD): <div id="content">

----------------------------------------------------------------------


---------- Date: 2014-04-13 01:18:13 ~ IP : 177.105.122.63 ----------
REQUEST URI : /loja/index.php?route=account/address/insert
MOD DETAILS:
   modFile   : /home4/thiagott/public_html/capasparaiphone/loja/vqmod/xml/autocomplete_address.xml
   id        : Auto Completar Endereço
   version   : 1.1
   vqmver    : 2.2.1
   author    : Deives Fahl - dfahl.cps@gmail.com
SEARCH NOT FOUND (ABORTING MOD): <div id="content">

----------------------------------------------------------------------


---------- Date: 2014-04-24 21:18:18 ~ IP : 172.16.24.56 ----------
REQUEST URI : /
MOD DETAILS:
   modFile   : /Users/fernando/gitproj/capasparaiphone/public/vqmod/xml/Felipo-Pagseguro-Lightbox.xml
   id        : 
		Code Market - Pagseguro Lightbox
	
   version   : 
		1
	
   vqmver    : 
		2.4.1
	
   author    : 
		Felipo Antonoff Araújo - codemarket.com.br
	
Could not resolve path for [checkout.tpl] (SKIPPED)
Could not resolve path for [pagseguro.tpl] (SKIPPED)
Could not resolve path for [pagseguro.php] (SKIPPED)

----------------------------------------------------------------------


---------- Date: 2014-04-24 21:18:48 ~ IP : 172.16.24.56 ----------
REQUEST URI : /
MOD DETAILS:
   modFile   : /Users/fernando/gitproj/capasparaiphone/public/vqmod/xml/Felipo-Pagseguro-Lightbox.xml
   id        : 
		Code Market - Pagseguro Lightbox
	
   version   : 
		1
	
   vqmver    : 
		2.4.1
	
   author    : 
		Felipo Antonoff Araújo - codemarket.com.br
	
Could not resolve path for [checkout.tpl] (SKIPPED)
Could not resolve path for [pagseguro.tpl] (SKIPPED)
Could not resolve path for [pagseguro.php] (SKIPPED)

----------------------------------------------------------------------


---------- Date: 2014-04-24 21:19:49 ~ IP : 172.16.24.56 ----------
REQUEST URI : /
MOD DETAILS:
   modFile   : /Users/fernando/gitproj/capasparaiphone/public/vqmod/xml/Felipo-Pagseguro-Lightbox.xml
   id        : 
		Code Market - Pagseguro Lightbox
	
   version   : 
		1
	
   vqmver    : 
		2.4.1
	
   author    : 
		Felipo Antonoff Araújo - codemarket.com.br
	
Could not resolve path for [checkout.tpl] (SKIPPED)
Could not resolve path for [pagseguro.tpl] (SKIPPED)
Could not resolve path for [pagseguro.php] (SKIPPED)

----------------------------------------------------------------------


---------- Date: 2014-04-24 21:19:49 ~ IP : 172.16.24.56 ----------
REQUEST URI : /
MOD DETAILS:
   modFile   : /Users/fernando/gitproj/capasparaiphone/public/vqmod/xml/Felipo-Pagseguro-Lightbox.xml
   id        : 
		Code Market - Pagseguro Lightbox
	
   version   : 
		1
	
   vqmver    : 
		2.4.1
	
   author    : 
		Felipo Antonoff Araújo - codemarket.com.br
	
Could not resolve path for [checkout.tpl] (SKIPPED)
Could not resolve path for [pagseguro.tpl] (SKIPPED)
Could not resolve path for [pagseguro.php] (SKIPPED)

----------------------------------------------------------------------


---------- Date: 2014-04-24 21:20:18 ~ IP : 172.16.24.56 ----------
REQUEST URI : /
MOD DETAILS:
   modFile   : /Users/fernando/gitproj/capasparaiphone/public/vqmod/xml/Felipo-Pagseguro-Lightbox.xml
   id        : 
		Code Market - Pagseguro Lightbox
	
   version   : 
		1
	
   vqmver    : 
		2.4.1
	
   author    : 
		Felipo Antonoff Araújo - codemarket.com.br
	
Could not resolve path for [checkout.tpl] (SKIPPED)
Could not resolve path for [pagseguro.tpl] (SKIPPED)
Could not resolve path for [pagseguro.php] (SKIPPED)

----------------------------------------------------------------------


---------- Date: 2014-04-24 21:20:48 ~ IP : 172.16.24.56 ----------
REQUEST URI : /
MOD DETAILS:
   modFile   : /Users/fernando/gitproj/capasparaiphone/public/vqmod/xml/Felipo-Pagseguro-Lightbox.xml
   id        : 
		Code Market - Pagseguro Lightbox
	
   version   : 
		1
	
   vqmver    : 
		2.4.1
	
   author    : 
		Felipo Antonoff Araújo - codemarket.com.br
	
Could not resolve path for [checkout.tpl] (SKIPPED)
Could not resolve path for [pagseguro.tpl] (SKIPPED)
Could not resolve path for [pagseguro.php] (SKIPPED)

----------------------------------------------------------------------


---------- Date: 2014-04-24 21:21:18 ~ IP : 172.16.24.56 ----------
REQUEST URI : /
MOD DETAILS:
   modFile   : /Users/fernando/gitproj/capasparaiphone/public/vqmod/xml/Felipo-Pagseguro-Lightbox.xml
   id        : 
		Code Market - Pagseguro Lightbox
	
   version   : 
		1
	
   vqmver    : 
		2.4.1
	
   author    : 
		Felipo Antonoff Araújo - codemarket.com.br
	
Could not resolve path for [checkout.tpl] (SKIPPED)
Could not resolve path for [pagseguro.tpl] (SKIPPED)
Could not resolve path for [pagseguro.php] (SKIPPED)

----------------------------------------------------------------------


---------- Date: 2014-04-24 21:21:48 ~ IP : 172.16.24.56 ----------
REQUEST URI : /
MOD DETAILS:
   modFile   : /Users/fernando/gitproj/capasparaiphone/public/vqmod/xml/Felipo-Pagseguro-Lightbox.xml
   id        : 
		Code Market - Pagseguro Lightbox
	
   version   : 
		1
	
   vqmver    : 
		2.4.1
	
   author    : 
		Felipo Antonoff Araújo - codemarket.com.br
	
Could not resolve path for [checkout.tpl] (SKIPPED)
Could not resolve path for [pagseguro.tpl] (SKIPPED)
Could not resolve path for [pagseguro.php] (SKIPPED)

----------------------------------------------------------------------


---------- Date: 2014-04-24 21:22:19 ~ IP : 172.16.24.56 ----------
REQUEST URI : /
MOD DETAILS:
   modFile   : /Users/fernando/gitproj/capasparaiphone/public/vqmod/xml/Felipo-Pagseguro-Lightbox.xml
   id        : 
		Code Market - Pagseguro Lightbox
	
   version   : 
		1
	
   vqmver    : 
		2.4.1
	
   author    : 
		Felipo Antonoff Araújo - codemarket.com.br
	
Could not resolve path for [checkout.tpl] (SKIPPED)
Could not resolve path for [pagseguro.tpl] (SKIPPED)
Could not resolve path for [pagseguro.php] (SKIPPED)

----------------------------------------------------------------------


---------- Date: 2014-04-24 21:22:48 ~ IP : 172.16.24.56 ----------
REQUEST URI : /
MOD DETAILS:
   modFile   : /Users/fernando/gitproj/capasparaiphone/public/vqmod/xml/Felipo-Pagseguro-Lightbox.xml
   id        : 
		Code Market - Pagseguro Lightbox
	
   version   : 
		1
	
   vqmver    : 
		2.4.1
	
   author    : 
		Felipo Antonoff Araújo - codemarket.com.br
	
Could not resolve path for [checkout.tpl] (SKIPPED)
Could not resolve path for [pagseguro.tpl] (SKIPPED)
Could not resolve path for [pagseguro.php] (SKIPPED)

----------------------------------------------------------------------


---------- Date: 2014-04-24 21:23:26 ~ IP : 172.16.24.56 ----------
REQUEST URI : /
MOD DETAILS:
   modFile   : /Users/fernando/gitproj/capasparaiphone/public/vqmod/xml/Felipo-Pagseguro-Lightbox.xml
   id        : 
		Code Market - Pagseguro Lightbox
	
   version   : 
		1
	
   vqmver    : 
		2.4.1
	
   author    : 
		Felipo Antonoff Araújo - codemarket.com.br
	
Could not resolve path for [checkout.tpl] (SKIPPED)
Could not resolve path for [pagseguro.tpl] (SKIPPED)
Could not resolve path for [pagseguro.php] (SKIPPED)

----------------------------------------------------------------------


---------- Date: 2014-04-24 21:23:49 ~ IP : 172.16.24.56 ----------
REQUEST URI : /
MOD DETAILS:
   modFile   : /Users/fernando/gitproj/capasparaiphone/public/vqmod/xml/Felipo-Pagseguro-Lightbox.xml
   id        : 
		Code Market - Pagseguro Lightbox
	
   version   : 
		1
	
   vqmver    : 
		2.4.1
	
   author    : 
		Felipo Antonoff Araújo - codemarket.com.br
	
Could not resolve path for [checkout.tpl] (SKIPPED)
Could not resolve path for [pagseguro.tpl] (SKIPPED)
Could not resolve path for [pagseguro.php] (SKIPPED)

----------------------------------------------------------------------


---------- Date: 2014-04-24 21:24:18 ~ IP : 172.16.24.56 ----------
REQUEST URI : /
MOD DETAILS:
   modFile   : /Users/fernando/gitproj/capasparaiphone/public/vqmod/xml/Felipo-Pagseguro-Lightbox.xml
   id        : 
		Code Market - Pagseguro Lightbox
	
   version   : 
		1
	
   vqmver    : 
		2.4.1
	
   author    : 
		Felipo Antonoff Araújo - codemarket.com.br
	
Could not resolve path for [checkout.tpl] (SKIPPED)
Could not resolve path for [pagseguro.tpl] (SKIPPED)
Could not resolve path for [pagseguro.php] (SKIPPED)

----------------------------------------------------------------------


---------- Date: 2014-04-24 21:24:49 ~ IP : 172.16.24.56 ----------
REQUEST URI : /
MOD DETAILS:
   modFile   : /Users/fernando/gitproj/capasparaiphone/public/vqmod/xml/Felipo-Pagseguro-Lightbox.xml
   id        : 
		Code Market - Pagseguro Lightbox
	
   version   : 
		1
	
   vqmver    : 
		2.4.1
	
   author    : 
		Felipo Antonoff Araújo - codemarket.com.br
	
Could not resolve path for [checkout.tpl] (SKIPPED)
Could not resolve path for [pagseguro.tpl] (SKIPPED)
Could not resolve path for [pagseguro.php] (SKIPPED)

----------------------------------------------------------------------


---------- Date: 2014-04-24 21:25:18 ~ IP : 172.16.24.56 ----------
REQUEST URI : /
MOD DETAILS:
   modFile   : /Users/fernando/gitproj/capasparaiphone/public/vqmod/xml/Felipo-Pagseguro-Lightbox.xml
   id        : 
		Code Market - Pagseguro Lightbox
	
   version   : 
		1
	
   vqmver    : 
		2.4.1
	
   author    : 
		Felipo Antonoff Araújo - codemarket.com.br
	
Could not resolve path for [checkout.tpl] (SKIPPED)
Could not resolve path for [pagseguro.tpl] (SKIPPED)
Could not resolve path for [pagseguro.php] (SKIPPED)

----------------------------------------------------------------------


---------- Date: 2014-04-24 21:25:48 ~ IP : 172.16.24.56 ----------
REQUEST URI : /
MOD DETAILS:
   modFile   : /Users/fernando/gitproj/capasparaiphone/public/vqmod/xml/Felipo-Pagseguro-Lightbox.xml
   id        : 
		Code Market - Pagseguro Lightbox
	
   version   : 
		1
	
   vqmver    : 
		2.4.1
	
   author    : 
		Felipo Antonoff Araújo - codemarket.com.br
	
Could not resolve path for [checkout.tpl] (SKIPPED)
Could not resolve path for [pagseguro.tpl] (SKIPPED)
Could not resolve path for [pagseguro.php] (SKIPPED)

----------------------------------------------------------------------


---------- Date: 2014-04-24 21:26:21 ~ IP : 172.16.24.56 ----------
REQUEST URI : /
MOD DETAILS:
   modFile   : /Users/fernando/gitproj/capasparaiphone/public/vqmod/xml/Felipo-Pagseguro-Lightbox.xml
   id        : 
		Code Market - Pagseguro Lightbox
	
   version   : 
		1
	
   vqmver    : 
		2.4.1
	
   author    : 
		Felipo Antonoff Araújo - codemarket.com.br
	
Could not resolve path for [checkout.tpl] (SKIPPED)
Could not resolve path for [pagseguro.tpl] (SKIPPED)
Could not resolve path for [pagseguro.php] (SKIPPED)

----------------------------------------------------------------------


---------- Date: 2014-04-24 21:26:48 ~ IP : 172.16.24.56 ----------
REQUEST URI : /
MOD DETAILS:
   modFile   : /Users/fernando/gitproj/capasparaiphone/public/vqmod/xml/Felipo-Pagseguro-Lightbox.xml
   id        : 
		Code Market - Pagseguro Lightbox
	
   version   : 
		1
	
   vqmver    : 
		2.4.1
	
   author    : 
		Felipo Antonoff Araújo - codemarket.com.br
	
Could not resolve path for [checkout.tpl] (SKIPPED)
Could not resolve path for [pagseguro.tpl] (SKIPPED)
Could not resolve path for [pagseguro.php] (SKIPPED)

----------------------------------------------------------------------


---------- Date: 2014-04-24 21:27:21 ~ IP : 172.16.24.56 ----------
REQUEST URI : /
MOD DETAILS:
   modFile   : /Users/fernando/gitproj/capasparaiphone/public/vqmod/xml/Felipo-Pagseguro-Lightbox.xml
   id        : 
		Code Market - Pagseguro Lightbox
	
   version   : 
		1
	
   vqmver    : 
		2.4.1
	
   author    : 
		Felipo Antonoff Araújo - codemarket.com.br
	
Could not resolve path for [checkout.tpl] (SKIPPED)
Could not resolve path for [pagseguro.tpl] (SKIPPED)
Could not resolve path for [pagseguro.php] (SKIPPED)

----------------------------------------------------------------------


---------- Date: 2014-04-24 21:27:49 ~ IP : 172.16.24.56 ----------
REQUEST URI : /
MOD DETAILS:
   modFile   : /Users/fernando/gitproj/capasparaiphone/public/vqmod/xml/Felipo-Pagseguro-Lightbox.xml
   id        : 
		Code Market - Pagseguro Lightbox
	
   version   : 
		1
	
   vqmver    : 
		2.4.1
	
   author    : 
		Felipo Antonoff Araújo - codemarket.com.br
	
Could not resolve path for [checkout.tpl] (SKIPPED)
Could not resolve path for [pagseguro.tpl] (SKIPPED)
Could not resolve path for [pagseguro.php] (SKIPPED)

----------------------------------------------------------------------


---------- Date: 2014-04-24 21:28:19 ~ IP : 172.16.24.56 ----------
REQUEST URI : /
MOD DETAILS:
   modFile   : /Users/fernando/gitproj/capasparaiphone/public/vqmod/xml/Felipo-Pagseguro-Lightbox.xml
   id        : 
		Code Market - Pagseguro Lightbox
	
   version   : 
		1
	
   vqmver    : 
		2.4.1
	
   author    : 
		Felipo Antonoff Araújo - codemarket.com.br
	
Could not resolve path for [checkout.tpl] (SKIPPED)
Could not resolve path for [pagseguro.tpl] (SKIPPED)
Could not resolve path for [pagseguro.php] (SKIPPED)

----------------------------------------------------------------------


---------- Date: 2014-04-24 21:28:49 ~ IP : 172.16.24.56 ----------
REQUEST URI : /
MOD DETAILS:
   modFile   : /Users/fernando/gitproj/capasparaiphone/public/vqmod/xml/Felipo-Pagseguro-Lightbox.xml
   id        : 
		Code Market - Pagseguro Lightbox
	
   version   : 
		1
	
   vqmver    : 
		2.4.1
	
   author    : 
		Felipo Antonoff Araújo - codemarket.com.br
	
Could not resolve path for [checkout.tpl] (SKIPPED)
Could not resolve path for [pagseguro.tpl] (SKIPPED)
Could not resolve path for [pagseguro.php] (SKIPPED)

----------------------------------------------------------------------


---------- Date: 2014-04-24 21:29:19 ~ IP : 172.16.24.56 ----------
REQUEST URI : /
MOD DETAILS:
   modFile   : /Users/fernando/gitproj/capasparaiphone/public/vqmod/xml/Felipo-Pagseguro-Lightbox.xml
   id        : 
		Code Market - Pagseguro Lightbox
	
   version   : 
		1
	
   vqmver    : 
		2.4.1
	
   author    : 
		Felipo Antonoff Araújo - codemarket.com.br
	
Could not resolve path for [checkout.tpl] (SKIPPED)
Could not resolve path for [pagseguro.tpl] (SKIPPED)
Could not resolve path for [pagseguro.php] (SKIPPED)

----------------------------------------------------------------------


---------- Date: 2014-04-24 21:29:48 ~ IP : 172.16.24.56 ----------
REQUEST URI : /
MOD DETAILS:
   modFile   : /Users/fernando/gitproj/capasparaiphone/public/vqmod/xml/Felipo-Pagseguro-Lightbox.xml
   id        : 
		Code Market - Pagseguro Lightbox
	
   version   : 
		1
	
   vqmver    : 
		2.4.1
	
   author    : 
		Felipo Antonoff Araújo - codemarket.com.br
	
Could not resolve path for [checkout.tpl] (SKIPPED)
Could not resolve path for [pagseguro.tpl] (SKIPPED)
Could not resolve path for [pagseguro.php] (SKIPPED)

----------------------------------------------------------------------


---------- Date: 2014-04-24 21:30:19 ~ IP : 172.16.24.56 ----------
REQUEST URI : /
MOD DETAILS:
   modFile   : /Users/fernando/gitproj/capasparaiphone/public/vqmod/xml/Felipo-Pagseguro-Lightbox.xml
   id        : 
		Code Market - Pagseguro Lightbox
	
   version   : 
		1
	
   vqmver    : 
		2.4.1
	
   author    : 
		Felipo Antonoff Araújo - codemarket.com.br
	
Could not resolve path for [checkout.tpl] (SKIPPED)
Could not resolve path for [pagseguro.tpl] (SKIPPED)
Could not resolve path for [pagseguro.php] (SKIPPED)

----------------------------------------------------------------------


---------- Date: 2014-04-24 21:30:49 ~ IP : 172.16.24.56 ----------
REQUEST URI : /
MOD DETAILS:
   modFile   : /Users/fernando/gitproj/capasparaiphone/public/vqmod/xml/Felipo-Pagseguro-Lightbox.xml
   id        : 
		Code Market - Pagseguro Lightbox
	
   version   : 
		1
	
   vqmver    : 
		2.4.1
	
   author    : 
		Felipo Antonoff Araújo - codemarket.com.br
	
Could not resolve path for [checkout.tpl] (SKIPPED)
Could not resolve path for [pagseguro.tpl] (SKIPPED)
Could not resolve path for [pagseguro.php] (SKIPPED)

----------------------------------------------------------------------


---------- Date: 2014-04-24 21:31:18 ~ IP : 172.16.24.56 ----------
REQUEST URI : /
MOD DETAILS:
   modFile   : /Users/fernando/gitproj/capasparaiphone/public/vqmod/xml/Felipo-Pagseguro-Lightbox.xml
   id        : 
		Code Market - Pagseguro Lightbox
	
   version   : 
		1
	
   vqmver    : 
		2.4.1
	
   author    : 
		Felipo Antonoff Araújo - codemarket.com.br
	
Could not resolve path for [checkout.tpl] (SKIPPED)
Could not resolve path for [pagseguro.tpl] (SKIPPED)
Could not resolve path for [pagseguro.php] (SKIPPED)

----------------------------------------------------------------------


---------- Date: 2014-04-24 21:31:48 ~ IP : 172.16.24.56 ----------
REQUEST URI : /
MOD DETAILS:
   modFile   : /Users/fernando/gitproj/capasparaiphone/public/vqmod/xml/Felipo-Pagseguro-Lightbox.xml
   id        : 
		Code Market - Pagseguro Lightbox
	
   version   : 
		1
	
   vqmver    : 
		2.4.1
	
   author    : 
		Felipo Antonoff Araújo - codemarket.com.br
	
Could not resolve path for [checkout.tpl] (SKIPPED)
Could not resolve path for [pagseguro.tpl] (SKIPPED)
Could not resolve path for [pagseguro.php] (SKIPPED)

----------------------------------------------------------------------


---------- Date: 2014-04-24 21:32:19 ~ IP : 172.16.24.56 ----------
REQUEST URI : /
MOD DETAILS:
   modFile   : /Users/fernando/gitproj/capasparaiphone/public/vqmod/xml/Felipo-Pagseguro-Lightbox.xml
   id        : 
		Code Market - Pagseguro Lightbox
	
   version   : 
		1
	
   vqmver    : 
		2.4.1
	
   author    : 
		Felipo Antonoff Araújo - codemarket.com.br
	
Could not resolve path for [checkout.tpl] (SKIPPED)
Could not resolve path for [pagseguro.tpl] (SKIPPED)
Could not resolve path for [pagseguro.php] (SKIPPED)

----------------------------------------------------------------------


---------- Date: 2014-04-24 21:32:48 ~ IP : 172.16.24.56 ----------
REQUEST URI : /
MOD DETAILS:
   modFile   : /Users/fernando/gitproj/capasparaiphone/public/vqmod/xml/Felipo-Pagseguro-Lightbox.xml
   id        : 
		Code Market - Pagseguro Lightbox
	
   version   : 
		1
	
   vqmver    : 
		2.4.1
	
   author    : 
		Felipo Antonoff Araújo - codemarket.com.br
	
Could not resolve path for [checkout.tpl] (SKIPPED)
Could not resolve path for [pagseguro.tpl] (SKIPPED)
Could not resolve path for [pagseguro.php] (SKIPPED)

----------------------------------------------------------------------


---------- Date: 2014-04-24 21:33:18 ~ IP : 172.16.24.56 ----------
REQUEST URI : /
MOD DETAILS:
   modFile   : /Users/fernando/gitproj/capasparaiphone/public/vqmod/xml/Felipo-Pagseguro-Lightbox.xml
   id        : 
		Code Market - Pagseguro Lightbox
	
   version   : 
		1
	
   vqmver    : 
		2.4.1
	
   author    : 
		Felipo Antonoff Araújo - codemarket.com.br
	
Could not resolve path for [checkout.tpl] (SKIPPED)
Could not resolve path for [pagseguro.tpl] (SKIPPED)
Could not resolve path for [pagseguro.php] (SKIPPED)

----------------------------------------------------------------------


---------- Date: 2014-04-24 21:33:49 ~ IP : 172.16.24.56 ----------
REQUEST URI : /
MOD DETAILS:
   modFile   : /Users/fernando/gitproj/capasparaiphone/public/vqmod/xml/Felipo-Pagseguro-Lightbox.xml
   id        : 
		Code Market - Pagseguro Lightbox
	
   version   : 
		1
	
   vqmver    : 
		2.4.1
	
   author    : 
		Felipo Antonoff Araújo - codemarket.com.br
	
Could not resolve path for [checkout.tpl] (SKIPPED)
Could not resolve path for [pagseguro.tpl] (SKIPPED)
Could not resolve path for [pagseguro.php] (SKIPPED)

----------------------------------------------------------------------


---------- Date: 2014-04-24 21:34:18 ~ IP : 172.16.24.56 ----------
REQUEST URI : /
MOD DETAILS:
   modFile   : /Users/fernando/gitproj/capasparaiphone/public/vqmod/xml/Felipo-Pagseguro-Lightbox.xml
   id        : 
		Code Market - Pagseguro Lightbox
	
   version   : 
		1
	
   vqmver    : 
		2.4.1
	
   author    : 
		Felipo Antonoff Araújo - codemarket.com.br
	
Could not resolve path for [checkout.tpl] (SKIPPED)
Could not resolve path for [pagseguro.tpl] (SKIPPED)
Could not resolve path for [pagseguro.php] (SKIPPED)

----------------------------------------------------------------------


---------- Date: 2014-04-24 21:34:48 ~ IP : 172.16.24.56 ----------
REQUEST URI : /
MOD DETAILS:
   modFile   : /Users/fernando/gitproj/capasparaiphone/public/vqmod/xml/Felipo-Pagseguro-Lightbox.xml
   id        : 
		Code Market - Pagseguro Lightbox
	
   version   : 
		1
	
   vqmver    : 
		2.4.1
	
   author    : 
		Felipo Antonoff Araújo - codemarket.com.br
	
Could not resolve path for [checkout.tpl] (SKIPPED)
Could not resolve path for [pagseguro.tpl] (SKIPPED)
Could not resolve path for [pagseguro.php] (SKIPPED)

----------------------------------------------------------------------


---------- Date: 2014-04-24 21:35:19 ~ IP : 172.16.24.56 ----------
REQUEST URI : /
MOD DETAILS:
   modFile   : /Users/fernando/gitproj/capasparaiphone/public/vqmod/xml/Felipo-Pagseguro-Lightbox.xml
   id        : 
		Code Market - Pagseguro Lightbox
	
   version   : 
		1
	
   vqmver    : 
		2.4.1
	
   author    : 
		Felipo Antonoff Araújo - codemarket.com.br
	
Could not resolve path for [checkout.tpl] (SKIPPED)
Could not resolve path for [pagseguro.tpl] (SKIPPED)
Could not resolve path for [pagseguro.php] (SKIPPED)

----------------------------------------------------------------------


---------- Date: 2014-04-24 21:35:48 ~ IP : 172.16.24.56 ----------
REQUEST URI : /
MOD DETAILS:
   modFile   : /Users/fernando/gitproj/capasparaiphone/public/vqmod/xml/Felipo-Pagseguro-Lightbox.xml
   id        : 
		Code Market - Pagseguro Lightbox
	
   version   : 
		1
	
   vqmver    : 
		2.4.1
	
   author    : 
		Felipo Antonoff Araújo - codemarket.com.br
	
Could not resolve path for [checkout.tpl] (SKIPPED)
Could not resolve path for [pagseguro.tpl] (SKIPPED)
Could not resolve path for [pagseguro.php] (SKIPPED)

----------------------------------------------------------------------


---------- Date: 2014-04-24 21:36:18 ~ IP : 172.16.24.56 ----------
REQUEST URI : /
MOD DETAILS:
   modFile   : /Users/fernando/gitproj/capasparaiphone/public/vqmod/xml/Felipo-Pagseguro-Lightbox.xml
   id        : 
		Code Market - Pagseguro Lightbox
	
   version   : 
		1
	
   vqmver    : 
		2.4.1
	
   author    : 
		Felipo Antonoff Araújo - codemarket.com.br
	
Could not resolve path for [checkout.tpl] (SKIPPED)
Could not resolve path for [pagseguro.tpl] (SKIPPED)
Could not resolve path for [pagseguro.php] (SKIPPED)

----------------------------------------------------------------------


---------- Date: 2014-04-24 21:36:49 ~ IP : 172.16.24.56 ----------
REQUEST URI : /
MOD DETAILS:
   modFile   : /Users/fernando/gitproj/capasparaiphone/public/vqmod/xml/Felipo-Pagseguro-Lightbox.xml
   id        : 
		Code Market - Pagseguro Lightbox
	
   version   : 
		1
	
   vqmver    : 
		2.4.1
	
   author    : 
		Felipo Antonoff Araújo - codemarket.com.br
	
Could not resolve path for [checkout.tpl] (SKIPPED)
Could not resolve path for [pagseguro.tpl] (SKIPPED)
Could not resolve path for [pagseguro.php] (SKIPPED)

----------------------------------------------------------------------


---------- Date: 2014-04-24 21:37:18 ~ IP : 172.16.24.56 ----------
REQUEST URI : /
MOD DETAILS:
   modFile   : /Users/fernando/gitproj/capasparaiphone/public/vqmod/xml/Felipo-Pagseguro-Lightbox.xml
   id        : 
		Code Market - Pagseguro Lightbox
	
   version   : 
		1
	
   vqmver    : 
		2.4.1
	
   author    : 
		Felipo Antonoff Araújo - codemarket.com.br
	
Could not resolve path for [checkout.tpl] (SKIPPED)
Could not resolve path for [pagseguro.tpl] (SKIPPED)
Could not resolve path for [pagseguro.php] (SKIPPED)

----------------------------------------------------------------------


---------- Date: 2014-04-24 21:37:48 ~ IP : 172.16.24.56 ----------
REQUEST URI : /
MOD DETAILS:
   modFile   : /Users/fernando/gitproj/capasparaiphone/public/vqmod/xml/Felipo-Pagseguro-Lightbox.xml
   id        : 
		Code Market - Pagseguro Lightbox
	
   version   : 
		1
	
   vqmver    : 
		2.4.1
	
   author    : 
		Felipo Antonoff Araújo - codemarket.com.br
	
Could not resolve path for [checkout.tpl] (SKIPPED)
Could not resolve path for [pagseguro.tpl] (SKIPPED)
Could not resolve path for [pagseguro.php] (SKIPPED)

----------------------------------------------------------------------


---------- Date: 2014-04-24 21:38:19 ~ IP : 172.16.24.56 ----------
REQUEST URI : /
MOD DETAILS:
   modFile   : /Users/fernando/gitproj/capasparaiphone/public/vqmod/xml/Felipo-Pagseguro-Lightbox.xml
   id        : 
		Code Market - Pagseguro Lightbox
	
   version   : 
		1
	
   vqmver    : 
		2.4.1
	
   author    : 
		Felipo Antonoff Araújo - codemarket.com.br
	
Could not resolve path for [checkout.tpl] (SKIPPED)
Could not resolve path for [pagseguro.tpl] (SKIPPED)
Could not resolve path for [pagseguro.php] (SKIPPED)

----------------------------------------------------------------------


---------- Date: 2014-04-24 21:38:48 ~ IP : 172.16.24.56 ----------
REQUEST URI : /
MOD DETAILS:
   modFile   : /Users/fernando/gitproj/capasparaiphone/public/vqmod/xml/Felipo-Pagseguro-Lightbox.xml
   id        : 
		Code Market - Pagseguro Lightbox
	
   version   : 
		1
	
   vqmver    : 
		2.4.1
	
   author    : 
		Felipo Antonoff Araújo - codemarket.com.br
	
Could not resolve path for [checkout.tpl] (SKIPPED)
Could not resolve path for [pagseguro.tpl] (SKIPPED)
Could not resolve path for [pagseguro.php] (SKIPPED)

----------------------------------------------------------------------


---------- Date: 2014-04-24 21:39:18 ~ IP : 172.16.24.56 ----------
REQUEST URI : /
MOD DETAILS:
   modFile   : /Users/fernando/gitproj/capasparaiphone/public/vqmod/xml/Felipo-Pagseguro-Lightbox.xml
   id        : 
		Code Market - Pagseguro Lightbox
	
   version   : 
		1
	
   vqmver    : 
		2.4.1
	
   author    : 
		Felipo Antonoff Araújo - codemarket.com.br
	
Could not resolve path for [checkout.tpl] (SKIPPED)
Could not resolve path for [pagseguro.tpl] (SKIPPED)
Could not resolve path for [pagseguro.php] (SKIPPED)

----------------------------------------------------------------------


---------- Date: 2014-04-24 21:39:49 ~ IP : 172.16.24.56 ----------
REQUEST URI : /
MOD DETAILS:
   modFile   : /Users/fernando/gitproj/capasparaiphone/public/vqmod/xml/Felipo-Pagseguro-Lightbox.xml
   id        : 
		Code Market - Pagseguro Lightbox
	
   version   : 
		1
	
   vqmver    : 
		2.4.1
	
   author    : 
		Felipo Antonoff Araújo - codemarket.com.br
	
Could not resolve path for [checkout.tpl] (SKIPPED)
Could not resolve path for [pagseguro.tpl] (SKIPPED)
Could not resolve path for [pagseguro.php] (SKIPPED)

----------------------------------------------------------------------


---------- Date: 2014-04-24 21:40:18 ~ IP : 172.16.24.56 ----------
REQUEST URI : /
MOD DETAILS:
   modFile   : /Users/fernando/gitproj/capasparaiphone/public/vqmod/xml/Felipo-Pagseguro-Lightbox.xml
   id        : 
		Code Market - Pagseguro Lightbox
	
   version   : 
		1
	
   vqmver    : 
		2.4.1
	
   author    : 
		Felipo Antonoff Araújo - codemarket.com.br
	
Could not resolve path for [checkout.tpl] (SKIPPED)
Could not resolve path for [pagseguro.tpl] (SKIPPED)
Could not resolve path for [pagseguro.php] (SKIPPED)

----------------------------------------------------------------------


---------- Date: 2014-04-24 21:40:48 ~ IP : 172.16.24.56 ----------
REQUEST URI : /
MOD DETAILS:
   modFile   : /Users/fernando/gitproj/capasparaiphone/public/vqmod/xml/Felipo-Pagseguro-Lightbox.xml
   id        : 
		Code Market - Pagseguro Lightbox
	
   version   : 
		1
	
   vqmver    : 
		2.4.1
	
   author    : 
		Felipo Antonoff Araújo - codemarket.com.br
	
Could not resolve path for [checkout.tpl] (SKIPPED)
Could not resolve path for [pagseguro.tpl] (SKIPPED)
Could not resolve path for [pagseguro.php] (SKIPPED)

----------------------------------------------------------------------


---------- Date: 2014-04-24 21:41:19 ~ IP : 172.16.24.56 ----------
REQUEST URI : /
MOD DETAILS:
   modFile   : /Users/fernando/gitproj/capasparaiphone/public/vqmod/xml/Felipo-Pagseguro-Lightbox.xml
   id        : 
		Code Market - Pagseguro Lightbox
	
   version   : 
		1
	
   vqmver    : 
		2.4.1
	
   author    : 
		Felipo Antonoff Araújo - codemarket.com.br
	
Could not resolve path for [checkout.tpl] (SKIPPED)
Could not resolve path for [pagseguro.tpl] (SKIPPED)
Could not resolve path for [pagseguro.php] (SKIPPED)

----------------------------------------------------------------------


---------- Date: 2014-04-24 21:41:49 ~ IP : 172.16.24.56 ----------
REQUEST URI : /
MOD DETAILS:
   modFile   : /Users/fernando/gitproj/capasparaiphone/public/vqmod/xml/Felipo-Pagseguro-Lightbox.xml
   id        : 
		Code Market - Pagseguro Lightbox
	
   version   : 
		1
	
   vqmver    : 
		2.4.1
	
   author    : 
		Felipo Antonoff Araújo - codemarket.com.br
	
Could not resolve path for [checkout.tpl] (SKIPPED)
Could not resolve path for [pagseguro.tpl] (SKIPPED)
Could not resolve path for [pagseguro.php] (SKIPPED)

----------------------------------------------------------------------


---------- Date: 2014-04-24 21:42:23 ~ IP : 172.16.24.56 ----------
REQUEST URI : /
MOD DETAILS:
   modFile   : /Users/fernando/gitproj/capasparaiphone/public/vqmod/xml/Felipo-Pagseguro-Lightbox.xml
   id        : 
		Code Market - Pagseguro Lightbox
	
   version   : 
		1
	
   vqmver    : 
		2.4.1
	
   author    : 
		Felipo Antonoff Araújo - codemarket.com.br
	
Could not resolve path for [checkout.tpl] (SKIPPED)
Could not resolve path for [pagseguro.tpl] (SKIPPED)
Could not resolve path for [pagseguro.php] (SKIPPED)

----------------------------------------------------------------------


---------- Date: 2014-04-24 21:42:51 ~ IP : 172.16.24.56 ----------
REQUEST URI : /
MOD DETAILS:
   modFile   : /Users/fernando/gitproj/capasparaiphone/public/vqmod/xml/Felipo-Pagseguro-Lightbox.xml
   id        : 
		Code Market - Pagseguro Lightbox
	
   version   : 
		1
	
   vqmver    : 
		2.4.1
	
   author    : 
		Felipo Antonoff Araújo - codemarket.com.br
	
Could not resolve path for [checkout.tpl] (SKIPPED)
Could not resolve path for [pagseguro.tpl] (SKIPPED)
Could not resolve path for [pagseguro.php] (SKIPPED)

----------------------------------------------------------------------


---------- Date: 2014-04-24 21:43:19 ~ IP : 172.16.24.56 ----------
REQUEST URI : /
MOD DETAILS:
   modFile   : /Users/fernando/gitproj/capasparaiphone/public/vqmod/xml/Felipo-Pagseguro-Lightbox.xml
   id        : 
		Code Market - Pagseguro Lightbox
	
   version   : 
		1
	
   vqmver    : 
		2.4.1
	
   author    : 
		Felipo Antonoff Araújo - codemarket.com.br
	
Could not resolve path for [checkout.tpl] (SKIPPED)
Could not resolve path for [pagseguro.tpl] (SKIPPED)
Could not resolve path for [pagseguro.php] (SKIPPED)

----------------------------------------------------------------------


---------- Date: 2014-04-24 21:43:49 ~ IP : 172.16.24.56 ----------
REQUEST URI : /
MOD DETAILS:
   modFile   : /Users/fernando/gitproj/capasparaiphone/public/vqmod/xml/Felipo-Pagseguro-Lightbox.xml
   id        : 
		Code Market - Pagseguro Lightbox
	
   version   : 
		1
	
   vqmver    : 
		2.4.1
	
   author    : 
		Felipo Antonoff Araújo - codemarket.com.br
	
Could not resolve path for [checkout.tpl] (SKIPPED)
Could not resolve path for [pagseguro.tpl] (SKIPPED)
Could not resolve path for [pagseguro.php] (SKIPPED)

----------------------------------------------------------------------


